This file contains any messages produced by compilers while
running configure, to aid debugging if configure makes a mistake.

It was created by FULL-PACKAGE-NAME configure VERSION, which was
generated by GNU Autoconf 2.53.  Invocation command line was

  $ ./configure 

## --------- ##
## Platform. ##
## --------- ##

hostname = zniachtal.zwirsch.at
uname -m = i686
uname -r = 2.4.20-NANO
uname -s = Linux
uname -v = #8 Fri Mar 14 13:08:17 CET 2003

/usr/bin/uname -p = unknown
/bin/uname -X     = unknown

/bin/arch              = i686
/usr/bin/arch -k       = unknown
/usr/convex/getsysinfo = unknown
hostinfo               = unknown
/bin/machine           = unknown
/usr/bin/oslevel       = unknown
/bin/universe          = unknown

PATH: /usr/local/sbin
PATH: /usr/local/bin
PATH: /sbin
PATH: /bin
PATH: /usr/sbin
PATH: /usr/bin
PATH: /usr/X11R6/bin
PATH: /root/bin


## ----------- ##
## Core tests. ##
## ----------- ##

configure:1261: checking for g++
configure:1277: found /usr/bin/g++
configure:1287: result: g++
configure:1303: checking for C++ compiler version
configure:1306: g++ --version </dev/null >&5
g++ (GCC) 3.2 20020903 (Red Hat Linux 8.0 3.2-7)
Copyright (C) 2002 Free Software Foundation, Inc.
This is free software; see the source for copying conditions.  There is NO
warranty; not even for MERCHANTABILITY or FITNESS FOR A PARTICULAR PURPOSE.

configure:1309: $? = 0
configure:1311: g++ -v </dev/null >&5
Reading specs from /usr/lib/gcc-lib/i386-redhat-linux/3.2/specs
Configured with: ../configure --prefix=/usr --mandir=/usr/share/man --infodir=/usr/share/info --enable-shared --enable-threads=posix --disable-checking --host=i386-redhat-linux --with-system-zlib --enable-__cxa_atexit
Thread model: posix
gcc version 3.2 20020903 (Red Hat Linux 8.0 3.2-7)
configure:1314: $? = 0
configure:1316: g++ -V </dev/null >&5
g++: argument to `-V' missing

configure:1319: $? = 1
configure:1345: checking for C++ compiler default output
configure:1348: g++    conftest.cc  >&5
configure:1351: $? = 0
configure:1384: result: a.out
configure:1389: checking whether the C++ compiler works
configure:1395: ./a.out
configure:1398: $? = 0
configure:1413: result: yes
configure:1420: checking whether we are cross compiling
configure:1422: result: no
configure:1425: checking for suffix of executables
configure:1427: g++ -o conftest    conftest.cc  >&5
configure:1430: $? = 0
configure:1452: result: 
configure:1458: checking for suffix of object files
configure:1482: g++ -c   conftest.cc >&5
configure:1485: $? = 0
configure:1504: result: o
configure:1508: checking whether we are using the GNU C++ compiler
configure:1535: g++ -c   conftest.cc >&5
configure:1538: $? = 0
configure:1541: test -s conftest.o
configure:1544: $? = 0
configure:1556: result: yes
configure:1562: checking whether g++ accepts -g
configure:1586: g++ -c -g  conftest.cc >&5
configure:1589: $? = 0
configure:1592: test -s conftest.o
configure:1595: $? = 0
configure:1605: result: yes
configure:1651: g++ -c -g -O2  conftest.cc >&5
configure:1654: $? = 0
configure:1657: test -s conftest.o
configure:1660: $? = 0
configure:1688: g++ -c -g -O2  conftest.cc >&5
configure: In function `int main()':
configure:1680: `exit' undeclared (first use this function)
configure:1680: (Each undeclared identifier is reported only once for each 
   function it appears in.)
configure:1691: $? = 1
configure: failed program was:
#line 1669 "configure"
#include "confdefs.h"

#ifdef F77_DUMMY_MAIN
#  ifdef __cplusplus
     extern "C"
#  endif
   int F77_DUMMY_MAIN() { return 1; }
#endif
int
main ()
{
exit (42);
  ;
  return 0;
}
configure:1651: g++ -c -g -O2  conftest.cc >&5
configure:1654: $? = 0
configure:1657: test -s conftest.o
configure:1660: $? = 0
configure:1688: g++ -c -g -O2  conftest.cc >&5
configure:1691: $? = 0
configure:1694: test -s conftest.o
configure:1697: $? = 0
configure:1765: checking for gcc
configure:1781: found /usr/bin/gcc
configure:1791: result: gcc
configure:2035: checking for C compiler version
configure:2038: gcc --version </dev/null >&5
gcc (GCC) 3.2 20020903 (Red Hat Linux 8.0 3.2-7)
Copyright (C) 2002 Free Software Foundation, Inc.
This is free software; see the source for copying conditions.  There is NO
warranty; not even for MERCHANTABILITY or FITNESS FOR A PARTICULAR PURPOSE.

configure:2041: $? = 0
configure:2043: gcc -v </dev/null >&5
Reading specs from /usr/lib/gcc-lib/i386-redhat-linux/3.2/specs
Configured with: ../configure --prefix=/usr --mandir=/usr/share/man --infodir=/usr/share/info --enable-shared --enable-threads=posix --disable-checking --host=i386-redhat-linux --with-system-zlib --enable-__cxa_atexit
Thread model: posix
gcc version 3.2 20020903 (Red Hat Linux 8.0 3.2-7)
configure:2046: $? = 0
configure:2048: gcc -V </dev/null >&5
gcc: argument to `-V' is missing
configure:2051: $? = 1
configure:2054: checking whether we are using the GNU C compiler
configure:2081: gcc -c   conftest.c >&5
configure:2084: $? = 0
configure:2087: test -s conftest.o
configure:2090: $? = 0
configure:2102: result: yes
configure:2108: checking whether gcc accepts -g
configure:2132: gcc -c -g  conftest.c >&5
configure:2135: $? = 0
configure:2138: test -s conftest.o
configure:2141: $? = 0
configure:2151: result: yes
configure:2178: gcc -c -g -O2  conftest.c >&5
conftest.c:2: parse error before "me"
configure:2181: $? = 1
configure: failed program was:
#ifndef __cplusplus
  choke me
#endif
configure:2328: checking for a BSD-compatible install
configure:2382: result: /usr/bin/install -c
configure:2397: checking for gethostbyname in -lnsl
configure:2430: gcc -o conftest -g -O2   conftest.c -lnsl   >&5
configure:2433: $? = 0
configure:2436: test -s conftest
configure:2439: $? = 0
configure:2450: result: yes
configure:2462: checking for sched_get_priority_max in -lposix4
configure:2495: gcc -o conftest -g -O2   conftest.c -lposix4  -lnsl  >&5
/usr/bin/ld: cannot find -lposix4
collect2: ld returned 1 exit status
configure:2498: $? = 1
configure: failed program was:
#line 2469 "configure"
#include "confdefs.h"

/* Override any gcc2 internal prototype to avoid an error.  */
#ifdef __cplusplus
extern "C"
#endif
/* We use char because int might match the return type of a gcc2
   builtin and then its argument prototype would still apply.  */
char sched_get_priority_max ();
#ifdef F77_DUMMY_MAIN
#  ifdef __cplusplus
     extern "C"
#  endif
   int F77_DUMMY_MAIN() { return 1; }
#endif
int
main ()
{
sched_get_priority_max ();
  ;
  return 0;
}
configure:2515: result: no
configure:2527: checking for pthread_sigmask in -lpthread
configure:2560: gcc -o conftest -g -O2   conftest.c -lpthread  -lnsl  >&5
configure:2563: $? = 0
configure:2566: test -s conftest
configure:2569: $? = 0
configure:2580: result: yes
configure:2592: checking for getprotobyname in -lsocket
configure:2625: gcc -o conftest -g -O2   conftest.c -lsocket  -lpthread -lnsl  >&5
/usr/bin/ld: cannot find -lsocket
collect2: ld returned 1 exit status
configure:2628: $? = 1
configure: failed program was:
#line 2599 "configure"
#include "confdefs.h"

/* Override any gcc2 internal prototype to avoid an error.  */
#ifdef __cplusplus
extern "C"
#endif
/* We use char because int might match the return type of a gcc2
   builtin and then its argument prototype would still apply.  */
char getprotobyname ();
#ifdef F77_DUMMY_MAIN
#  ifdef __cplusplus
     extern "C"
#  endif
   int F77_DUMMY_MAIN() { return 1; }
#endif
int
main ()
{
getprotobyname ();
  ;
  return 0;
}
configure:2645: result: no
configure:2663: checking how to run the C preprocessor
configure:2689: gcc -E  conftest.c
configure:2695: $? = 0
configure:2722: gcc -E  conftest.c
configure:2718:28: ac_nonexistent.h: No such file or directory
configure:2728: $? = 1
configure: failed program was:
#line 2717 "configure"
#include "confdefs.h"
#include <ac_nonexistent.h>
configure:2765: result: gcc -E
configure:2780: gcc -E  conftest.c
configure:2786: $? = 0
configure:2813: gcc -E  conftest.c
configure:2809:28: ac_nonexistent.h: No such file or directory
configure:2819: $? = 1
configure: failed program was:
#line 2808 "configure"
#include "confdefs.h"
#include <ac_nonexistent.h>
configure:2859: checking for ANSI C header files
configure:2873: gcc -E  conftest.c
configure:2879: $? = 0
configure:2964: gcc -o conftest -g -O2   conftest.c -lpthread -lnsl  >&5
configure:2967: $? = 0
configure:2969: ./conftest
configure:2972: $? = 0
configure:2986: result: yes
configure:3010: checking for sys/types.h
configure:3023: gcc -c -g -O2  conftest.c >&5
configure:3026: $? = 0
configure:3029: test -s conftest.o
configure:3032: $? = 0
configure:3042: result: yes
configure:3010: checking for sys/stat.h
configure:3023: gcc -c -g -O2  conftest.c >&5
configure:3026: $? = 0
configure:3029: test -s conftest.o
configure:3032: $? = 0
configure:3042: result: yes
configure:3010: checking for stdlib.h
configure:3023: gcc -c -g -O2  conftest.c >&5
configure:3026: $? = 0
configure:3029: test -s conftest.o
configure:3032: $? = 0
configure:3042: result: yes
configure:3010: checking for string.h
configure:3023: gcc -c -g -O2  conftest.c >&5
configure:3026: $? = 0
configure:3029: test -s conftest.o
configure:3032: $? = 0
configure:3042: result: yes
configure:3010: checking for memory.h
configure:3023: gcc -c -g -O2  conftest.c >&5
configure:3026: $? = 0
configure:3029: test -s conftest.o
configure:3032: $? = 0
configure:3042: result: yes
configure:3010: checking for strings.h
configure:3023: gcc -c -g -O2  conftest.c >&5
configure:3026: $? = 0
configure:3029: test -s conftest.o
configure:3032: $? = 0
configure:3042: result: yes
configure:3010: checking for inttypes.h
configure:3023: gcc -c -g -O2  conftest.c >&5
configure:3026: $? = 0
configure:3029: test -s conftest.o
configure:3032: $? = 0
configure:3042: result: yes
configure:3010: checking for stdint.h
configure:3023: gcc -c -g -O2  conftest.c >&5
configure:3026: $? = 0
configure:3029: test -s conftest.o
configure:3032: $? = 0
configure:3042: result: yes
configure:3010: checking for unistd.h
configure:3023: gcc -c -g -O2  conftest.c >&5
configure:3026: $? = 0
configure:3029: test -s conftest.o
configure:3032: $? = 0
configure:3042: result: yes
configure:3076: checking arpa/inet.h usability
configure:3085: gcc -c -g -O2  conftest.c >&5
configure:3088: $? = 0
configure:3091: test -s conftest.o
configure:3094: $? = 0
configure:3103: result: yes
configure:3107: checking arpa/inet.h presence
configure:3114: gcc -E  conftest.c
configure:3120: $? = 0
configure:3138: result: yes
configure:3156: checking for arpa/inet.h
configure:3163: result: yes
configure:3076: checking netdb.h usability
configure:3085: gcc -c -g -O2  conftest.c >&5
configure:3088: $? = 0
configure:3091: test -s conftest.o
configure:3094: $? = 0
configure:3103: result: yes
configure:3107: checking netdb.h presence
configure:3114: gcc -E  conftest.c
configure:3120: $? = 0
configure:3138: result: yes
configure:3156: checking for netdb.h
configure:3163: result: yes
configure:3076: checking netinet/in.h usability
configure:3085: gcc -c -g -O2  conftest.c >&5
configure:3088: $? = 0
configure:3091: test -s conftest.o
configure:3094: $? = 0
configure:3103: result: yes
configure:3107: checking netinet/in.h presence
configure:3114: gcc -E  conftest.c
configure:3120: $? = 0
configure:3138: result: yes
configure:3156: checking for netinet/in.h
configure:3163: result: yes
configure:3067: checking for stdlib.h
configure:3072: result: yes
configure:3067: checking for string.h
configure:3072: result: yes
configure:3067: checking for strings.h
configure:3072: result: yes
configure:3076: checking sys/socket.h usability
configure:3085: gcc -c -g -O2  conftest.c >&5
configure:3088: $? = 0
configure:3091: test -s conftest.o
configure:3094: $? = 0
configure:3103: result: yes
configure:3107: checking sys/socket.h presence
configure:3114: gcc -E  conftest.c
configure:3120: $? = 0
configure:3138: result: yes
configure:3156: checking for sys/socket.h
configure:3163: result: yes
configure:3076: checking sys/time.h usability
configure:3085: gcc -c -g -O2  conftest.c >&5
configure:3088: $? = 0
configure:3091: test -s conftest.o
configure:3094: $? = 0
configure:3103: result: yes
configure:3107: checking sys/time.h presence
configure:3114: gcc -E  conftest.c
configure:3120: $? = 0
configure:3138: result: yes
configure:3156: checking for sys/time.h
configure:3163: result: yes
configure:3067: checking for unistd.h
configure:3072: result: yes
configure:3178: checking for gcc option to accept ANSI C
configure:3241: gcc  -c -g -O2  conftest.c >&5
configure:3244: $? = 0
configure:3247: test -s conftest.o
configure:3250: $? = 0
configure:3267: result: none needed
configure:3275: checking for an ANSI C-conforming const
configure:3345: gcc -c -g -O2  conftest.c >&5
configure:3348: $? = 0
configure:3351: test -s conftest.o
configure:3354: $? = 0
configure:3364: result: yes
configure:3374: checking for inline
configure:3391: gcc -c -g -O2  conftest.c >&5
configure:3394: $? = 0
configure:3397: test -s conftest.o
configure:3400: $? = 0
configure:3411: result: inline
configure:3426: checking for size_t
configure:3453: gcc -c -g -O2  conftest.c >&5
configure:3456: $? = 0
configure:3459: test -s conftest.o
configure:3462: $? = 0
configure:3472: result: yes
configure:3484: checking whether time.h and sys/time.h may both be included
configure:3512: gcc -c -g -O2  conftest.c >&5
configure:3515: $? = 0
configure:3518: test -s conftest.o
configure:3521: $? = 0
configure:3531: result: yes
configure:3548: checking for stdlib.h
configure:3553: result: yes
configure:3657: checking for working malloc
configure:3689: gcc -o conftest -g -O2   conftest.c -lpthread -lnsl  >&5
configure:3692: $? = 0
configure:3694: ./conftest
configure:3697: $? = 0
configure:3710: result: yes
configure:3720: checking whether setvbuf arguments are reversed
configure:3748: gcc -o conftest -g -O2   conftest.c -lpthread -lnsl  >&5
configure: In function `main':
configure:3739: warning: passing arg 2 of `setvbuf' makes pointer from integer without a cast
configure:3739: warning: passing arg 3 of `setvbuf' makes integer from pointer without a cast
configure:3751: $? = 0
configure:3753: ./conftest
configure:3756: $? = 1
configure: program exited with status 1
configure: failed program was:
#line 3730 "configure"
#include "confdefs.h"
#include <stdio.h>
/* If setvbuf has the reversed format, exit 0. */
int
main ()
{
  /* This call has the arguments reversed.
     A reversed system may check and see that the address of main
     is not _IOLBF, _IONBF, or _IOFBF, and return nonzero.  */
  if (setvbuf(stdout, _IOLBF, (char *) main, BUFSIZ) != 0)
    exit(1);
  putc('\r', stdout);
  exit(0);			/* Non-reversed systems segv here.  */
}
configure:3770: result: no
configure:3780: checking whether lstat dereferences a symlink specified with a trailing slash
configure:3814: gcc -o conftest -g -O2   conftest.c -lpthread -lnsl  >&5
configure:3817: $? = 0
configure:3819: ./conftest
configure:3822: $? = 0
configure:3842: result: yes
configure:3856: checking whether stat accepts an empty string
configure:3884: gcc -o conftest -g -O2   conftest.c -lpthread -lnsl  >&5
configure:3887: $? = 0
configure:3889: ./conftest
configure:3892: $? = 1
configure: program exited with status 1
configure: failed program was:
#line 3864 "configure"
#include "confdefs.h"
#include <stdio.h>
#if HAVE_SYS_TYPES_H
# include <sys/types.h>
#endif
#if HAVE_SYS_STAT_H
# include <sys/stat.h>
#endif
#if STDC_HEADERS
# include <stdlib.h>
# include <stddef.h>
#else
# if HAVE_STDLIB_H
#  include <stdlib.h>
# endif
#endif
#if HAVE_STRING_H
# if !STDC_HEADERS && HAVE_MEMORY_H
#  include <memory.h>
# endif
# include <string.h>
#endif
#if HAVE_STRINGS_H
# include <strings.h>
#endif
#if HAVE_INTTYPES_H
# include <inttypes.h>
#else
# if HAVE_STDINT_H
#  include <stdint.h>
# endif
#endif
#if HAVE_UNISTD_H
# include <unistd.h>
#endif
#ifdef F77_DUMMY_MAIN
#  ifdef __cplusplus
     extern "C"
#  endif
   int F77_DUMMY_MAIN() { return 1; }
#endif
int
main ()
{
struct stat sbuf;
  exit (stat ("", &sbuf) ? 1 : 0);
  ;
  return 0;
}
configure:3905: result: no
configure:3920: checking for vprintf
configure:3963: gcc -o conftest -g -O2   conftest.c -lpthread -lnsl  >&5
configure:3966: $? = 0
configure:3969: test -s conftest
configure:3972: $? = 0
configure:3982: result: yes
configure:3989: checking for _doprnt
configure:4032: gcc -o conftest -g -O2   conftest.c -lpthread -lnsl  >&5
/tmp/ccqqvi1a.o: In function `main':
/root/dbox/tools/mcrec-0.18/src/configure:4022: undefined reference to `_doprnt'
collect2: ld returned 1 exit status
configure:4035: $? = 1
configure: failed program was:
#line 3994 "configure"
#include "confdefs.h"
/* System header to define __stub macros and hopefully few prototypes,
    which can conflict with char _doprnt (); below.  */
#include <assert.h>
/* Override any gcc2 internal prototype to avoid an error.  */
#ifdef __cplusplus
extern "C"
#endif
/* We use char because int might match the return type of a gcc2
   builtin and then its argument prototype would still apply.  */
char _doprnt ();
char (*f) ();

#ifdef F77_DUMMY_MAIN
#  ifdef __cplusplus
     extern "C"
#  endif
   int F77_DUMMY_MAIN() { return 1; }
#endif
int
main ()
{
/* The GNU C library defines this for functions which it implements
    to always fail with ENOSYS.  Some functions are actually named
    something starting with __ and the normal name is an alias.  */
#if defined (__stub__doprnt) || defined (__stub____doprnt)
choke me
#else
f = _doprnt;
#endif

  ;
  return 0;
}
configure:4051: result: no
configure:4078: checking for gethostbyname
configure:4121: gcc -o conftest -g -O2   conftest.c -lpthread -lnsl  >&5
configure:4124: $? = 0
configure:4127: test -s conftest
configure:4130: $? = 0
configure:4140: result: yes
configure:4078: checking for gettimeofday
configure:4121: gcc -o conftest -g -O2   conftest.c -lpthread -lnsl  >&5
configure:4124: $? = 0
configure:4127: test -s conftest
configure:4130: $? = 0
configure:4140: result: yes
configure:4078: checking for memmove
configure:4121: gcc -o conftest -g -O2   conftest.c -lpthread -lnsl  >&5
configure:4124: $? = 0
configure:4127: test -s conftest
configure:4130: $? = 0
configure:4140: result: yes
configure:4078: checking for memset
configure:4121: gcc -o conftest -g -O2   conftest.c -lpthread -lnsl  >&5
configure:4093: warning: conflicting types for built-in function `memset'
configure:4124: $? = 0
configure:4127: test -s conftest
configure:4130: $? = 0
configure:4140: result: yes
configure:4078: checking for mkdir
configure:4121: gcc -o conftest -g -O2   conftest.c -lpthread -lnsl  >&5
configure:4124: $? = 0
configure:4127: test -s conftest
configure:4130: $? = 0
configure:4140: result: yes
configure:4078: checking for socket
configure:4121: gcc -o conftest -g -O2   conftest.c -lpthread -lnsl  >&5
configure:4124: $? = 0
configure:4127: test -s conftest
configure:4130: $? = 0
configure:4140: result: yes
configure:4078: checking for strchr
configure:4121: gcc -o conftest -g -O2   conftest.c -lpthread -lnsl  >&5
configure:4093: warning: conflicting types for built-in function `strchr'
configure:4124: $? = 0
configure:4127: test -s conftest
configure:4130: $? = 0
configure:4140: result: yes
configure:4078: checking for strdup
configure:4121: gcc -o conftest -g -O2   conftest.c -lpthread -lnsl  >&5
configure:4124: $? = 0
configure:4127: test -s conftest
configure:4130: $? = 0
configure:4140: result: yes
configure:4078: checking for strerror
configure:4121: gcc -o conftest -g -O2   conftest.c -lpthread -lnsl  >&5
configure:4124: $? = 0
configure:4127: test -s conftest
configure:4130: $? = 0
configure:4140: result: yes
configure:4078: checking for strstr
configure:4121: gcc -o conftest -g -O2   conftest.c -lpthread -lnsl  >&5
configure:4093: warning: conflicting types for built-in function `strstr'
configure:4124: $? = 0
configure:4127: test -s conftest
configure:4130: $? = 0
configure:4140: result: yes
configure:4233: creating ./config.status

## ---------------------- ##
## Running config.status. ##
## ---------------------- ##

This file was extended by FULL-PACKAGE-NAME config.status VERSION, which was
generated by GNU Autoconf 2.53.  Invocation command line was

  CONFIG_FILES    = 
  CONFIG_HEADERS  = 
  CONFIG_LINKS    = 
  CONFIG_COMMANDS = 
  $ ./config.status 

on zniachtal.zwirsch.at

config.status:570: creating Makefile
config.status:674: creating config.h

## ---------------- ##
## Cache variables. ##
## ---------------- ##

ac_cv_c_compiler_gnu=yes
ac_cv_c_const=yes
ac_cv_c_inline=inline
ac_cv_cxx_compiler_gnu=yes
ac_cv_env_CC_set=
ac_cv_env_CC_value=
ac_cv_env_CFLAGS_set=
ac_cv_env_CFLAGS_value=
ac_cv_env_CPPFLAGS_set=
ac_cv_env_CPPFLAGS_value=
ac_cv_env_CPP_set=
ac_cv_env_CPP_value=
ac_cv_env_CXXFLAGS_set=
ac_cv_env_CXXFLAGS_value=
ac_cv_env_CXX_set=
ac_cv_env_CXX_value=
ac_cv_env_LDFLAGS_set=
ac_cv_env_LDFLAGS_value=
ac_cv_env_build_alias_set=
ac_cv_env_build_alias_value=
ac_cv_env_host_alias_set=
ac_cv_env_host_alias_value=
ac_cv_env_target_alias_set=
ac_cv_env_target_alias_value=
ac_cv_exeext=
ac_cv_func__doprnt=no
ac_cv_func_gethostbyname=yes
ac_cv_func_gettimeofday=yes
ac_cv_func_lstat_dereferences_slashed_symlink=yes
ac_cv_func_malloc_works=yes
ac_cv_func_memmove=yes
ac_cv_func_memset=yes
ac_cv_func_mkdir=yes
ac_cv_func_setvbuf_reversed=no
ac_cv_func_socket=yes
ac_cv_func_stat_empty_string_bug=no
ac_cv_func_strchr=yes
ac_cv_func_strdup=yes
ac_cv_func_strerror=yes
ac_cv_func_strstr=yes
ac_cv_func_vprintf=yes
ac_cv_header_arpa_inet_h=yes
ac_cv_header_inttypes_h=yes
ac_cv_header_memory_h=yes
ac_cv_header_netdb_h=yes
ac_cv_header_netinet_in_h=yes
ac_cv_header_stdc=yes
ac_cv_header_stdint_h=yes
ac_cv_header_stdlib_h=yes
ac_cv_header_string_h=yes
ac_cv_header_strings_h=yes
ac_cv_header_sys_socket_h=yes
ac_cv_header_sys_stat_h=yes
ac_cv_header_sys_time_h=yes
ac_cv_header_sys_types_h=yes
ac_cv_header_time=yes
ac_cv_header_unistd_h=yes
ac_cv_lib_nsl_gethostbyname=yes
ac_cv_lib_posix4_sched_get_priority_max=no
ac_cv_lib_pthread_pthread_sigmask=yes
ac_cv_lib_socket_getprotobyname=no
ac_cv_objext=o
ac_cv_path_install='/usr/bin/install -c'
ac_cv_prog_CPP='gcc -E'
ac_cv_prog_ac_ct_CC=gcc
ac_cv_prog_ac_ct_CXX=g++
ac_cv_prog_cc_g=yes
ac_cv_prog_cc_stdc=
ac_cv_prog_cxx_g=yes
ac_cv_type_size_t=yes

## ----------- ##
## confdefs.h. ##
## ----------- ##

#define PACKAGE_NAME "FULL-PACKAGE-NAME"
#define PACKAGE_TARNAME "full-package-name"
#define PACKAGE_VERSION "VERSION"
#define PACKAGE_STRING "FULL-PACKAGE-NAME VERSION"
#define PACKAGE_BUGREPORT "BUG-REPORT-ADDRESS"
#ifdef __cplusplus
#include <stdlib.h>
#endif
#define HAVE_LIBNSL 1
#define HAVE_LIBPTHREAD 1
#define STDC_HEADERS 1
#define HAVE_SYS_TYPES_H 1
#define HAVE_SYS_STAT_H 1
#define HAVE_STDLIB_H 1
#define HAVE_STRING_H 1
#define HAVE_MEMORY_H 1
#define HAVE_STRINGS_H 1
#define HAVE_INTTYPES_H 1
#define HAVE_STDINT_H 1
#define HAVE_UNISTD_H 1
#define HAVE_ARPA_INET_H 1
#define HAVE_NETDB_H 1
#define HAVE_NETINET_IN_H 1
#define HAVE_STDLIB_H 1
#define HAVE_STRING_H 1
#define HAVE_STRINGS_H 1
#define HAVE_SYS_SOCKET_H 1
#define HAVE_SYS_TIME_H 1
#define HAVE_UNISTD_H 1
#define TIME_WITH_SYS_TIME 1
#define HAVE_STDLIB_H 1
#define HAVE_MALLOC 1
#define LSTAT_FOLLOWS_SLASHED_SYMLINK 1
#define HAVE_VPRINTF 1
#define HAVE_GETHOSTBYNAME 1
#define HAVE_GETTIMEOFDAY 1
#define HAVE_MEMMOVE 1
#define HAVE_MEMSET 1
#define HAVE_MKDIR 1
#define HAVE_SOCKET 1
#define HAVE_STRCHR 1
#define HAVE_STRDUP 1
#define HAVE_STRERROR 1
#define HAVE_STRSTR 1

configure: exit 0
